2025-04-04 23:40:11,079 - BorderSurveillance - ERROR - Failed to connect to MQTT broker: [Errno 61] Connection refused
2025-04-04 23:40:11,483 - BorderSurveillance - INFO - Surveillance system started (PID: 5175)
2025-04-04 23:40:11,485 - BorderSurveillance - INFO - Dashboard API started at http://0.0.0.0:8000 (PID: 5176)
2025-04-04 23:40:13,087 - BorderSurveillance - ERROR - Failed to connect to MQTT broker: [Errno 61] Connection refused
2025-04-04 23:40:13,087 - BorderSurveillance - ERROR - Failed to connect to MQTT broker: [Errno 61] Connection refused
2025-04-04 23:40:13,220 - BorderSurveillance - ERROR - Failed to initialize MQTT client: [Errno 61] Connection refused
2025-04-04 23:40:13,357 - BorderSurveillance - ERROR - Error in surveillance system: Failed to open video source: 0
2025-04-04 23:56:29,315 - BorderSurveillance - INFO - Shutdown signal received, terminating processes...
2025-04-05 00:11:22,807 - BorderSurveillance - INFO - Surveillance system started (PID: 5980)
2025-04-05 00:11:26,005 - BorderSurveillance - INFO - Model not found at /Users/ayushagarwal/Desktop/Border-Surveillance-System/models/yolov8n.pt, downloading YOLOv8n...
2025-04-05 00:11:45,394 - BorderSurveillance - INFO - Using device: cpu
2025-04-05 00:11:45,396 - BorderSurveillance - INFO - Surveillance system initialized successfully
2025-04-05 00:11:45,396 - BorderSurveillance - INFO - Surveillance system initialized successfully
2025-04-05 00:11:45,396 - BorderSurveillance - INFO - Starting surveillance system
2025-04-05 00:11:45,396 - BorderSurveillance - INFO - Starting surveillance system
2025-04-05 00:12:08,779 - BorderSurveillance - INFO - Saved alert snapshot to /Users/ayushagarwal/Desktop/Border-Surveillance-System/output/snapshots/crawling_20250405-001208.jpg
2025-04-05 00:12:08,779 - BorderSurveillance - INFO - Saved alert snapshot to /Users/ayushagarwal/Desktop/Border-Surveillance-System/output/snapshots/crawling_20250405-001208.jpg
2025-04-05 00:12:08,779 - BorderSurveillance - WARNING - ALERT: crawling - Person crawling detected
2025-04-05 00:12:08,779 - BorderSurveillance - WARNING - ALERT: crawling - Person crawling detected
2025-04-05 00:12:08,971 - BorderSurveillance - WARNING - ALERT: crawling - Person crawling detected
2025-04-05 00:12:08,971 - BorderSurveillance - WARNING - ALERT: crawling - Person crawling detected
2025-04-05 00:12:09,075 - BorderSurveillance - WARNING - ALERT: crawling - Person crawling detected
2025-04-05 00:12:09,075 - BorderSurveillance - WARNING - ALERT: crawling - Person crawling detected
2025-04-05 00:12:11,476 - BorderSurveillance - INFO - Saved alert snapshot to /Users/ayushagarwal/Desktop/Border-Surveillance-System/output/snapshots/crawling_20250405-001211.jpg
2025-04-05 00:12:11,476 - BorderSurveillance - INFO - Saved alert snapshot to /Users/ayushagarwal/Desktop/Border-Surveillance-System/output/snapshots/crawling_20250405-001211.jpg
2025-04-05 00:12:11,476 - BorderSurveillance - WARNING - ALERT: crawling - Person crawling detected
2025-04-05 00:12:11,476 - BorderSurveillance - WARNING - ALERT: crawling - Person crawling detected
2025-04-05 00:12:14,378 - BorderSurveillance - INFO - Saved alert snapshot to /Users/ayushagarwal/Desktop/Border-Surveillance-System/output/snapshots/crawling_20250405-001214.jpg
2025-04-05 00:12:14,378 - BorderSurveillance - INFO - Saved alert snapshot to /Users/ayushagarwal/Desktop/Border-Surveillance-System/output/snapshots/crawling_20250405-001214.jpg
2025-04-05 00:12:14,378 - BorderSurveillance - WARNING - ALERT: crawling - Person crawling detected
2025-04-05 00:12:14,378 - BorderSurveillance - WARNING - ALERT: crawling - Person crawling detected
2025-04-05 00:12:14,475 - BorderSurveillance - WARNING - ALERT: crawling - Person crawling detected
2025-04-05 00:12:14,475 - BorderSurveillance - WARNING - ALERT: crawling - Person crawling detected
2025-04-05 00:12:14,574 - BorderSurveillance - WARNING - ALERT: crawling - Person crawling detected
2025-04-05 00:12:14,574 - BorderSurveillance - WARNING - ALERT: crawling - Person crawling detected
2025-04-05 00:12:14,683 - BorderSurveillance - WARNING - ALERT: crawling - Person crawling detected
2025-04-05 00:12:14,683 - BorderSurveillance - WARNING - ALERT: crawling - Person crawling detected
2025-04-05 00:12:14,768 - BorderSurveillance - WARNING - ALERT: crawling - Person crawling detected
2025-04-05 00:12:14,768 - BorderSurveillance - WARNING - ALERT: crawling - Person crawling detected
2025-04-05 00:12:14,873 - BorderSurveillance - WARNING - ALERT: crawling - Person crawling detected
2025-04-05 00:12:14,873 - BorderSurveillance - WARNING - ALERT: crawling - Person crawling detected
2025-04-05 00:12:15,083 - BorderSurveillance - WARNING - ALERT: crawling - Person crawling detected
2025-04-05 00:12:15,083 - BorderSurveillance - WARNING - ALERT: crawling - Person crawling detected
2025-04-05 00:12:15,175 - BorderSurveillance - WARNING - ALERT: crawling - Person crawling detected
2025-04-05 00:12:15,175 - BorderSurveillance - WARNING - ALERT: crawling - Person crawling detected
2025-04-05 00:12:15,283 - BorderSurveillance - WARNING - ALERT: crawling - Person crawling detected
2025-04-05 00:12:15,283 - BorderSurveillance - WARNING - ALERT: crawling - Person crawling detected
2025-04-05 00:12:18,985 - BorderSurveillance - INFO - Saved alert snapshot to /Users/ayushagarwal/Desktop/Border-Surveillance-System/output/snapshots/loitering_20250405-001218.jpg
2025-04-05 00:12:18,985 - BorderSurveillance - INFO - Saved alert snapshot to /Users/ayushagarwal/Desktop/Border-Surveillance-System/output/snapshots/loitering_20250405-001218.jpg
2025-04-05 00:12:18,986 - BorderSurveillance - WARNING - ALERT: loitering - Person loitering detected for 30 seconds
2025-04-05 00:12:18,986 - BorderSurveillance - WARNING - ALERT: loitering - Person loitering detected for 30 seconds
2025-04-05 00:12:18,986 - BorderSurveillance - WARNING - ALERT: loitering - Person loitering detected for 30 seconds
2025-04-05 00:12:18,986 - BorderSurveillance - WARNING - ALERT: loitering - Person loitering detected for 30 seconds
2025-04-05 00:12:18,986 - BorderSurveillance - WARNING - ALERT: loitering - Person loitering detected for 30 seconds
2025-04-05 00:12:18,986 - BorderSurveillance - WARNING - ALERT: loitering - Person loitering detected for 30 seconds
2025-04-05 00:12:25,689 - BorderSurveillance - INFO - Saved alert snapshot to /Users/ayushagarwal/Desktop/Border-Surveillance-System/output/snapshots/loitering_20250405-001225.jpg
2025-04-05 00:12:25,689 - BorderSurveillance - INFO - Saved alert snapshot to /Users/ayushagarwal/Desktop/Border-Surveillance-System/output/snapshots/loitering_20250405-001225.jpg
2025-04-05 00:12:25,689 - BorderSurveillance - WARNING - ALERT: loitering - Person loitering detected for 30 seconds
2025-04-05 00:12:25,689 - BorderSurveillance - WARNING - ALERT: loitering - Person loitering detected for 30 seconds
2025-04-05 00:12:31,789 - BorderSurveillance - INFO - Saved alert snapshot to /Users/ayushagarwal/Desktop/Border-Surveillance-System/output/snapshots/crawling_20250405-001231.jpg
2025-04-05 00:12:31,789 - BorderSurveillance - INFO - Saved alert snapshot to /Users/ayushagarwal/Desktop/Border-Surveillance-System/output/snapshots/crawling_20250405-001231.jpg
2025-04-05 00:12:31,790 - BorderSurveillance - WARNING - ALERT: crawling - Person crawling detected
2025-04-05 00:12:31,790 - BorderSurveillance - WARNING - ALERT: crawling - Person crawling detected
2025-04-05 00:12:31,878 - BorderSurveillance - WARNING - ALERT: crawling - Person crawling detected
2025-04-05 00:12:31,878 - BorderSurveillance - WARNING - ALERT: crawling - Person crawling detected
2025-04-05 00:12:31,991 - BorderSurveillance - WARNING - ALERT: crawling - Person crawling detected
2025-04-05 00:12:31,991 - BorderSurveillance - WARNING - ALERT: crawling - Person crawling detected
2025-04-05 00:12:32,085 - BorderSurveillance - WARNING - ALERT: crawling - Person crawling detected
2025-04-05 00:12:32,085 - BorderSurveillance - WARNING - ALERT: crawling - Person crawling detected
2025-04-05 00:12:32,187 - BorderSurveillance - WARNING - ALERT: crawling - Person crawling detected
2025-04-05 00:12:32,187 - BorderSurveillance - WARNING - ALERT: crawling - Person crawling detected
2025-04-05 00:12:32,287 - BorderSurveillance - WARNING - ALERT: crawling - Person crawling detected
2025-04-05 00:12:32,287 - BorderSurveillance - WARNING - ALERT: crawling - Person crawling detected
2025-04-05 00:12:32,387 - BorderSurveillance - WARNING - ALERT: crawling - Person crawling detected
2025-04-05 00:12:32,387 - BorderSurveillance - WARNING - ALERT: crawling - Person crawling detected
2025-04-05 00:12:32,487 - BorderSurveillance - WARNING - ALERT: crawling - Person crawling detected
2025-04-05 00:12:32,487 - BorderSurveillance - WARNING - ALERT: crawling - Person crawling detected
2025-04-05 00:12:32,587 - BorderSurveillance - WARNING - ALERT: crawling - Person crawling detected
2025-04-05 00:12:32,587 - BorderSurveillance - WARNING - ALERT: crawling - Person crawling detected
2025-04-05 00:12:32,688 - BorderSurveillance - WARNING - ALERT: crawling - Person crawling detected
2025-04-05 00:12:32,688 - BorderSurveillance - WARNING - ALERT: crawling - Person crawling detected
2025-04-05 00:12:32,787 - BorderSurveillance - WARNING - ALERT: crawling - Person crawling detected
2025-04-05 00:12:32,787 - BorderSurveillance - WARNING - ALERT: crawling - Person crawling detected
2025-04-05 00:12:32,889 - BorderSurveillance - INFO - Saved alert snapshot to /Users/ayushagarwal/Desktop/Border-Surveillance-System/output/snapshots/crawling_20250405-001232.jpg
2025-04-05 00:12:32,889 - BorderSurveillance - INFO - Saved alert snapshot to /Users/ayushagarwal/Desktop/Border-Surveillance-System/output/snapshots/crawling_20250405-001232.jpg
2025-04-05 00:12:32,890 - BorderSurveillance - WARNING - ALERT: crawling - Person crawling detected
2025-04-05 00:12:32,890 - BorderSurveillance - WARNING - ALERT: crawling - Person crawling detected
2025-04-05 00:12:32,982 - BorderSurveillance - WARNING - ALERT: crawling - Person crawling detected
2025-04-05 00:12:32,982 - BorderSurveillance - WARNING - ALERT: crawling - Person crawling detected
2025-04-05 00:12:48,201 - BorderSurveillance - INFO - Saved alert snapshot to /Users/ayushagarwal/Desktop/Border-Surveillance-System/output/snapshots/loitering_20250405-001248.jpg
2025-04-05 00:12:48,201 - BorderSurveillance - INFO - Saved alert snapshot to /Users/ayushagarwal/Desktop/Border-Surveillance-System/output/snapshots/loitering_20250405-001248.jpg
2025-04-05 00:12:48,201 - BorderSurveillance - WARNING - ALERT: loitering - Person loitering detected for 31 seconds
2025-04-05 00:12:48,201 - BorderSurveillance - WARNING - ALERT: loitering - Person loitering detected for 31 seconds
2025-04-05 00:12:57,603 - BorderSurveillance - INFO - Saved alert snapshot to /Users/ayushagarwal/Desktop/Border-Surveillance-System/output/snapshots/loitering_20250405-001257.jpg
2025-04-05 00:12:57,603 - BorderSurveillance - INFO - Saved alert snapshot to /Users/ayushagarwal/Desktop/Border-Surveillance-System/output/snapshots/loitering_20250405-001257.jpg
2025-04-05 00:12:57,604 - BorderSurveillance - WARNING - ALERT: loitering - Person loitering detected for 30 seconds
2025-04-05 00:12:57,604 - BorderSurveillance - WARNING - ALERT: loitering - Person loitering detected for 30 seconds
2025-04-05 00:12:58,100 - BorderSurveillance - WARNING - ALERT: crawling - Person crawling detected
2025-04-05 00:12:58,100 - BorderSurveillance - WARNING - ALERT: crawling - Person crawling detected
2025-04-05 00:12:59,603 - BorderSurveillance - INFO - Saved alert snapshot to /Users/ayushagarwal/Desktop/Border-Surveillance-System/output/snapshots/crawling_20250405-001259.jpg
2025-04-05 00:12:59,603 - BorderSurveillance - INFO - Saved alert snapshot to /Users/ayushagarwal/Desktop/Border-Surveillance-System/output/snapshots/crawling_20250405-001259.jpg
2025-04-05 00:12:59,603 - BorderSurveillance - WARNING - ALERT: crawling - Person crawling detected
2025-04-05 00:12:59,603 - BorderSurveillance - WARNING - ALERT: crawling - Person crawling detected
2025-04-05 00:13:00,553 - BorderSurveillance - WARNING - ALERT: crawling - Person crawling detected
2025-04-05 00:13:00,553 - BorderSurveillance - WARNING - ALERT: crawling - Person crawling detected
2025-04-05 00:13:02,199 - BorderSurveillance - INFO - Saved alert snapshot to /Users/ayushagarwal/Desktop/Border-Surveillance-System/output/snapshots/crawling_20250405-001302.jpg
2025-04-05 00:13:02,199 - BorderSurveillance - INFO - Saved alert snapshot to /Users/ayushagarwal/Desktop/Border-Surveillance-System/output/snapshots/crawling_20250405-001302.jpg
2025-04-05 00:13:02,199 - BorderSurveillance - WARNING - ALERT: crawling - Person crawling detected
2025-04-05 00:13:02,199 - BorderSurveillance - WARNING - ALERT: crawling - Person crawling detected
2025-04-05 00:13:02,369 - BorderSurveillance - WARNING - ALERT: crawling - Person crawling detected
2025-04-05 00:13:02,369 - BorderSurveillance - WARNING - ALERT: crawling - Person crawling detected
2025-04-05 00:13:02,461 - BorderSurveillance - WARNING - ALERT: crawling - Person crawling detected
2025-04-05 00:13:02,461 - BorderSurveillance - WARNING - ALERT: crawling - Person crawling detected
2025-04-05 00:13:02,541 - BorderSurveillance - WARNING - ALERT: crawling - Person crawling detected
2025-04-05 00:13:02,541 - BorderSurveillance - WARNING - ALERT: crawling - Person crawling detected
2025-04-05 00:13:02,655 - BorderSurveillance - WARNING - ALERT: crawling - Person crawling detected
2025-04-05 00:13:02,655 - BorderSurveillance - WARNING - ALERT: crawling - Person crawling detected
2025-04-05 00:13:02,759 - BorderSurveillance - WARNING - ALERT: crawling - Person crawling detected
2025-04-05 00:13:02,759 - BorderSurveillance - WARNING - ALERT: crawling - Person crawling detected
2025-04-05 00:13:02,849 - BorderSurveillance - WARNING - ALERT: crawling - Person crawling detected
2025-04-05 00:13:02,849 - BorderSurveillance - WARNING - ALERT: crawling - Person crawling detected
2025-04-05 00:13:03,022 - BorderSurveillance - WARNING - ALERT: crawling - Person crawling detected
2025-04-05 00:13:03,022 - BorderSurveillance - WARNING - ALERT: crawling - Person crawling detected
2025-04-05 00:13:03,100 - BorderSurveillance - WARNING - ALERT: crawling - Person crawling detected
2025-04-05 00:13:03,100 - BorderSurveillance - WARNING - ALERT: crawling - Person crawling detected
2025-04-05 00:13:03,198 - BorderSurveillance - WARNING - ALERT: crawling - Person crawling detected
2025-04-05 00:13:03,198 - BorderSurveillance - WARNING - ALERT: crawling - Person crawling detected
2025-04-05 00:13:03,278 - BorderSurveillance - INFO - Saved alert snapshot to /Users/ayushagarwal/Desktop/Border-Surveillance-System/output/snapshots/crawling_20250405-001303.jpg
2025-04-05 00:13:03,278 - BorderSurveillance - INFO - Saved alert snapshot to /Users/ayushagarwal/Desktop/Border-Surveillance-System/output/snapshots/crawling_20250405-001303.jpg
2025-04-05 00:13:03,278 - BorderSurveillance - WARNING - ALERT: crawling - Person crawling detected
2025-04-05 00:13:03,278 - BorderSurveillance - WARNING - ALERT: crawling - Person crawling detected
2025-04-05 00:13:03,363 - BorderSurveillance - WARNING - ALERT: crawling - Person crawling detected
2025-04-05 00:13:03,363 - BorderSurveillance - WARNING - ALERT: crawling - Person crawling detected
2025-04-05 00:13:03,454 - BorderSurveillance - WARNING - ALERT: crawling - Person crawling detected
2025-04-05 00:13:03,454 - BorderSurveillance - WARNING - ALERT: crawling - Person crawling detected
2025-04-05 00:13:03,533 - BorderSurveillance - WARNING - ALERT: crawling - Person crawling detected
2025-04-05 00:13:03,533 - BorderSurveillance - WARNING - ALERT: crawling - Person crawling detected
2025-04-05 00:13:03,629 - BorderSurveillance - WARNING - ALERT: crawling - Person crawling detected
2025-04-05 00:13:03,629 - BorderSurveillance - WARNING - ALERT: crawling - Person crawling detected
2025-04-05 00:13:03,709 - BorderSurveillance - WARNING - ALERT: crawling - Person crawling detected
2025-04-05 00:13:03,709 - BorderSurveillance - WARNING - ALERT: crawling - Person crawling detected
2025-04-05 00:13:03,801 - BorderSurveillance - WARNING - ALERT: crawling - Person crawling detected
2025-04-05 00:13:03,801 - BorderSurveillance - WARNING - ALERT: crawling - Person crawling detected
2025-04-05 00:13:03,883 - BorderSurveillance - WARNING - ALERT: crawling - Person crawling detected
2025-04-05 00:13:03,883 - BorderSurveillance - WARNING - ALERT: crawling - Person crawling detected
2025-04-05 00:13:03,966 - BorderSurveillance - WARNING - ALERT: crawling - Person crawling detected
2025-04-05 00:13:03,966 - BorderSurveillance - WARNING - ALERT: crawling - Person crawling detected
2025-04-05 00:13:04,062 - BorderSurveillance - WARNING - ALERT: crawling - Person crawling detected
2025-04-05 00:13:04,062 - BorderSurveillance - WARNING - ALERT: crawling - Person crawling detected
2025-04-05 00:13:04,234 - BorderSurveillance - WARNING - ALERT: crawling - Person crawling detected
2025-04-05 00:13:04,234 - BorderSurveillance - WARNING - ALERT: crawling - Person crawling detected
2025-04-05 00:13:04,318 - BorderSurveillance - INFO - Saved alert snapshot to /Users/ayushagarwal/Desktop/Border-Surveillance-System/output/snapshots/crawling_20250405-001304.jpg
2025-04-05 00:13:04,318 - BorderSurveillance - INFO - Saved alert snapshot to /Users/ayushagarwal/Desktop/Border-Surveillance-System/output/snapshots/crawling_20250405-001304.jpg
2025-04-05 00:13:04,318 - BorderSurveillance - WARNING - ALERT: crawling - Person crawling detected
2025-04-05 00:13:04,318 - BorderSurveillance - WARNING - ALERT: crawling - Person crawling detected
2025-04-05 00:13:04,398 - BorderSurveillance - WARNING - ALERT: crawling - Person crawling detected
2025-04-05 00:13:04,398 - BorderSurveillance - WARNING - ALERT: crawling - Person crawling detected
2025-04-05 00:13:04,488 - BorderSurveillance - WARNING - ALERT: crawling - Person crawling detected
2025-04-05 00:13:04,488 - BorderSurveillance - WARNING - ALERT: crawling - Person crawling detected
2025-04-05 00:13:04,580 - BorderSurveillance - WARNING - ALERT: crawling - Person crawling detected
2025-04-05 00:13:04,580 - BorderSurveillance - WARNING - ALERT: crawling - Person crawling detected
2025-04-05 00:13:04,659 - BorderSurveillance - WARNING - ALERT: crawling - Person crawling detected
2025-04-05 00:13:04,659 - BorderSurveillance - WARNING - ALERT: crawling - Person crawling detected
2025-04-05 00:13:04,754 - BorderSurveillance - WARNING - ALERT: crawling - Person crawling detected
2025-04-05 00:13:04,754 - BorderSurveillance - WARNING - ALERT: crawling - Person crawling detected
2025-04-05 00:13:04,829 - BorderSurveillance - WARNING - ALERT: crawling - Person crawling detected
2025-04-05 00:13:04,829 - BorderSurveillance - WARNING - ALERT: crawling - Person crawling detected
2025-04-05 00:13:04,922 - BorderSurveillance - WARNING - ALERT: crawling - Person crawling detected
2025-04-05 00:13:04,922 - BorderSurveillance - WARNING - ALERT: crawling - Person crawling detected
2025-04-05 00:13:05,015 - BorderSurveillance - WARNING - ALERT: crawling - Person crawling detected
2025-04-05 00:13:05,015 - BorderSurveillance - WARNING - ALERT: crawling - Person crawling detected
2025-04-05 00:13:05,092 - BorderSurveillance - WARNING - ALERT: crawling - Person crawling detected
2025-04-05 00:13:05,092 - BorderSurveillance - WARNING - ALERT: crawling - Person crawling detected
2025-04-05 00:13:05,184 - BorderSurveillance - WARNING - ALERT: crawling - Person crawling detected
2025-04-05 00:13:05,184 - BorderSurveillance - WARNING - ALERT: crawling - Person crawling detected
2025-04-05 00:13:05,263 - BorderSurveillance - WARNING - ALERT: crawling - Person crawling detected
2025-04-05 00:13:05,263 - BorderSurveillance - WARNING - ALERT: crawling - Person crawling detected
2025-04-05 00:13:05,365 - BorderSurveillance - INFO - Saved alert snapshot to /Users/ayushagarwal/Desktop/Border-Surveillance-System/output/snapshots/crawling_20250405-001305.jpg
2025-04-05 00:13:05,365 - BorderSurveillance - INFO - Saved alert snapshot to /Users/ayushagarwal/Desktop/Border-Surveillance-System/output/snapshots/crawling_20250405-001305.jpg
2025-04-05 00:13:05,365 - BorderSurveillance - WARNING - ALERT: crawling - Person crawling detected
2025-04-05 00:13:05,365 - BorderSurveillance - WARNING - ALERT: crawling - Person crawling detected
2025-04-05 00:13:05,627 - BorderSurveillance - WARNING - ALERT: crawling - Person crawling detected
2025-04-05 00:13:05,627 - BorderSurveillance - WARNING - ALERT: crawling - Person crawling detected
2025-04-05 00:13:05,751 - BorderSurveillance - WARNING - ALERT: crawling - Person crawling detected
2025-04-05 00:13:05,751 - BorderSurveillance - WARNING - ALERT: crawling - Person crawling detected
2025-04-05 00:13:05,883 - BorderSurveillance - WARNING - ALERT: crawling - Person crawling detected
2025-04-05 00:13:05,883 - BorderSurveillance - WARNING - ALERT: crawling - Person crawling detected
2025-04-05 00:13:06,011 - BorderSurveillance - WARNING - ALERT: crawling - Person crawling detected
2025-04-05 00:13:06,011 - BorderSurveillance - WARNING - ALERT: crawling - Person crawling detected
2025-04-05 00:13:06,143 - BorderSurveillance - WARNING - ALERT: crawling - Person crawling detected
2025-04-05 00:13:06,143 - BorderSurveillance - WARNING - ALERT: crawling - Person crawling detected
2025-04-05 00:13:06,271 - BorderSurveillance - WARNING - ALERT: crawling - Person crawling detected
2025-04-05 00:13:06,271 - BorderSurveillance - WARNING - ALERT: crawling - Person crawling detected
2025-04-05 00:13:06,403 - BorderSurveillance - INFO - Saved alert snapshot to /Users/ayushagarwal/Desktop/Border-Surveillance-System/output/snapshots/crawling_20250405-001306.jpg
2025-04-05 00:13:06,403 - BorderSurveillance - INFO - Saved alert snapshot to /Users/ayushagarwal/Desktop/Border-Surveillance-System/output/snapshots/crawling_20250405-001306.jpg
2025-04-05 00:13:06,403 - BorderSurveillance - WARNING - ALERT: crawling - Person crawling detected
2025-04-05 00:13:06,403 - BorderSurveillance - WARNING - ALERT: crawling - Person crawling detected
2025-04-05 00:13:06,533 - BorderSurveillance - WARNING - ALERT: crawling - Person crawling detected
2025-04-05 00:13:06,533 - BorderSurveillance - WARNING - ALERT: crawling - Person crawling detected
2025-04-05 00:13:06,659 - BorderSurveillance - WARNING - ALERT: crawling - Person crawling detected
2025-04-05 00:13:06,659 - BorderSurveillance - WARNING - ALERT: crawling - Person crawling detected
2025-04-05 00:13:06,917 - BorderSurveillance - WARNING - ALERT: crawling - Person crawling detected
2025-04-05 00:13:06,917 - BorderSurveillance - WARNING - ALERT: crawling - Person crawling detected
2025-04-05 00:13:34,385 - BorderSurveillance - INFO - Saved alert snapshot to /Users/ayushagarwal/Desktop/Border-Surveillance-System/output/snapshots/crawling_20250405-001334.jpg
2025-04-05 00:13:34,385 - BorderSurveillance - INFO - Saved alert snapshot to /Users/ayushagarwal/Desktop/Border-Surveillance-System/output/snapshots/crawling_20250405-001334.jpg
2025-04-05 00:13:34,386 - BorderSurveillance - WARNING - ALERT: crawling - Person crawling detected
2025-04-05 00:13:34,386 - BorderSurveillance - WARNING - ALERT: crawling - Person crawling detected
2025-04-05 00:13:34,724 - BorderSurveillance - WARNING - ALERT: crawling - Person crawling detected
2025-04-05 00:13:34,724 - BorderSurveillance - WARNING - ALERT: crawling - Person crawling detected
2025-04-05 00:13:34,819 - BorderSurveillance - WARNING - ALERT: crawling - Person crawling detected
2025-04-05 00:13:34,819 - BorderSurveillance - WARNING - ALERT: crawling - Person crawling detected
2025-04-05 00:13:34,897 - BorderSurveillance - WARNING - ALERT: crawling - Person crawling detected
2025-04-05 00:13:34,897 - BorderSurveillance - WARNING - ALERT: crawling - Person crawling detected
2025-04-05 00:13:34,991 - BorderSurveillance - WARNING - ALERT: crawling - Person crawling detected
2025-04-05 00:13:34,991 - BorderSurveillance - WARNING - ALERT: crawling - Person crawling detected
2025-04-05 00:13:35,421 - BorderSurveillance - INFO - Saved alert snapshot to /Users/ayushagarwal/Desktop/Border-Surveillance-System/output/snapshots/crawling_20250405-001335.jpg
2025-04-05 00:13:35,421 - BorderSurveillance - INFO - Saved alert snapshot to /Users/ayushagarwal/Desktop/Border-Surveillance-System/output/snapshots/crawling_20250405-001335.jpg
2025-04-05 00:13:35,421 - BorderSurveillance - WARNING - ALERT: crawling - Person crawling detected
2025-04-05 00:13:35,421 - BorderSurveillance - WARNING - ALERT: crawling - Person crawling detected
2025-04-05 00:13:35,505 - BorderSurveillance - WARNING - ALERT: crawling - Person crawling detected
2025-04-05 00:13:35,505 - BorderSurveillance - WARNING - ALERT: crawling - Person crawling detected
2025-04-05 00:13:35,596 - BorderSurveillance - WARNING - ALERT: crawling - Person crawling detected
2025-04-05 00:13:35,596 - BorderSurveillance - WARNING - ALERT: crawling - Person crawling detected
2025-04-05 00:13:35,679 - BorderSurveillance - WARNING - ALERT: crawling - Person crawling detected
2025-04-05 00:13:35,679 - BorderSurveillance - WARNING - ALERT: crawling - Person crawling detected
2025-04-05 00:13:35,768 - BorderSurveillance - WARNING - ALERT: crawling - Person crawling detected
2025-04-05 00:13:35,768 - BorderSurveillance - WARNING - ALERT: crawling - Person crawling detected
2025-04-05 00:13:35,850 - BorderSurveillance - WARNING - ALERT: crawling - Person crawling detected
2025-04-05 00:13:35,850 - BorderSurveillance - WARNING - ALERT: crawling - Person crawling detected
2025-04-05 00:13:37,240 - BorderSurveillance - INFO - Saved alert snapshot to /Users/ayushagarwal/Desktop/Border-Surveillance-System/output/snapshots/crawling_20250405-001337.jpg
2025-04-05 00:13:37,240 - BorderSurveillance - INFO - Saved alert snapshot to /Users/ayushagarwal/Desktop/Border-Surveillance-System/output/snapshots/crawling_20250405-001337.jpg
2025-04-05 00:13:37,240 - BorderSurveillance - WARNING - ALERT: crawling - Person crawling detected
2025-04-05 00:13:37,240 - BorderSurveillance - WARNING - ALERT: crawling - Person crawling detected
2025-04-05 00:13:37,316 - BorderSurveillance - WARNING - ALERT: crawling - Person crawling detected
2025-04-05 00:13:37,316 - BorderSurveillance - WARNING - ALERT: crawling - Person crawling detected
2025-04-05 00:13:37,591 - BorderSurveillance - WARNING - ALERT: crawling - Person crawling detected
2025-04-05 00:13:37,591 - BorderSurveillance - WARNING - ALERT: crawling - Person crawling detected
2025-04-05 00:13:37,722 - BorderSurveillance - WARNING - ALERT: loitering - Person loitering detected for 30 seconds
2025-04-05 00:13:37,722 - BorderSurveillance - WARNING - ALERT: loitering - Person loitering detected for 30 seconds
2025-04-05 00:14:10,394 - BorderSurveillance - INFO - Saved alert snapshot to /Users/ayushagarwal/Desktop/Border-Surveillance-System/output/snapshots/loitering_20250405-001410.jpg
2025-04-05 00:14:10,394 - BorderSurveillance - INFO - Saved alert snapshot to /Users/ayushagarwal/Desktop/Border-Surveillance-System/output/snapshots/loitering_20250405-001410.jpg
2025-04-05 00:14:10,395 - BorderSurveillance - WARNING - ALERT: loitering - Person loitering detected for 30 seconds
2025-04-05 00:14:10,395 - BorderSurveillance - WARNING - ALERT: loitering - Person loitering detected for 30 seconds
2025-04-05 00:14:13,801 - BorderSurveillance - INFO - Saved alert snapshot to /Users/ayushagarwal/Desktop/Border-Surveillance-System/output/snapshots/loitering_20250405-001413.jpg
2025-04-05 00:14:13,801 - BorderSurveillance - INFO - Saved alert snapshot to /Users/ayushagarwal/Desktop/Border-Surveillance-System/output/snapshots/loitering_20250405-001413.jpg
2025-04-05 00:14:13,801 - BorderSurveillance - WARNING - ALERT: loitering - Person loitering detected for 30 seconds
2025-04-05 00:14:13,801 - BorderSurveillance - WARNING - ALERT: loitering - Person loitering detected for 30 seconds
2025-04-05 00:14:17,844 - BorderSurveillance - INFO - Saved alert snapshot to /Users/ayushagarwal/Desktop/Border-Surveillance-System/output/snapshots/loitering_20250405-001417.jpg
2025-04-05 00:14:17,844 - BorderSurveillance - INFO - Saved alert snapshot to /Users/ayushagarwal/Desktop/Border-Surveillance-System/output/snapshots/loitering_20250405-001417.jpg
2025-04-05 00:14:17,844 - BorderSurveillance - WARNING - ALERT: loitering - Person loitering detected for 30 seconds
2025-04-05 00:14:17,844 - BorderSurveillance - WARNING - ALERT: loitering - Person loitering detected for 30 seconds
2025-04-05 01:35:01,975 - BorderSurveillance - ERROR - Failed to connect to MQTT broker: [Errno 61] Connection refused
2025-04-05 01:35:02,382 - BorderSurveillance - INFO - Surveillance system started (PID: 22643)
2025-04-05 01:35:02,386 - BorderSurveillance - INFO - Dashboard API started at http://0.0.0.0:8000 (PID: 22644)
2025-04-05 01:35:04,526 - BorderSurveillance - ERROR - Failed to connect to MQTT broker: [Errno 61] Connection refused
2025-04-05 01:35:04,573 - BorderSurveillance - ERROR - Failed to connect to MQTT broker: [Errno 61] Connection refused
2025-04-05 01:35:04,913 - BorderSurveillance - ERROR - Failed to initialize MQTT client: [Errno 61] Connection refused
2025-04-05 01:35:06,604 - BorderSurveillance - INFO - Loading model from /Users/subhayudas/Desktop/Border-Surveillance-System/models/yolov8n.pt
2025-04-05 01:35:06,663 - BorderSurveillance - INFO - Using device: cpu
2025-04-05 01:35:06,665 - BorderSurveillance - INFO - Surveillance system initialized successfully
2025-04-05 01:35:06,665 - BorderSurveillance - INFO - Surveillance system initialized successfully
2025-04-05 01:35:06,666 - BorderSurveillance - INFO - Starting surveillance system
2025-04-05 01:35:06,666 - BorderSurveillance - INFO - Starting surveillance system
2025-04-05 01:35:15,199 - BorderSurveillance - INFO - Saved alert snapshot to /Users/subhayudas/Desktop/Border-Surveillance-System/output/snapshots/crawling_20250405-013515.jpg
2025-04-05 01:35:15,199 - BorderSurveillance - INFO - Saved alert snapshot to /Users/subhayudas/Desktop/Border-Surveillance-System/output/snapshots/crawling_20250405-013515.jpg
2025-04-05 01:35:15,200 - BorderSurveillance - INFO - Dashboard alert published to border/alerts
2025-04-05 01:35:15,200 - BorderSurveillance - INFO - Dashboard alert published to border/alerts
2025-04-05 01:35:15,200 - BorderSurveillance - WARNING - ALERT: crawling - Person crawling detected
2025-04-05 01:35:15,200 - BorderSurveillance - WARNING - ALERT: crawling - Person crawling detected
2025-04-05 01:35:16,393 - BorderSurveillance - INFO - Saved alert snapshot to /Users/subhayudas/Desktop/Border-Surveillance-System/output/snapshots/crawling_20250405-013516.jpg
2025-04-05 01:35:16,393 - BorderSurveillance - INFO - Saved alert snapshot to /Users/subhayudas/Desktop/Border-Surveillance-System/output/snapshots/crawling_20250405-013516.jpg
2025-04-05 01:35:16,393 - BorderSurveillance - WARNING - ALERT: crawling - Person crawling detected
2025-04-05 01:35:16,393 - BorderSurveillance - WARNING - ALERT: crawling - Person crawling detected
2025-04-05 01:35:16,791 - BorderSurveillance - WARNING - ALERT: crawling - Person crawling detected
2025-04-05 01:35:16,791 - BorderSurveillance - WARNING - ALERT: crawling - Person crawling detected
2025-04-05 01:35:17,061 - BorderSurveillance - WARNING - ALERT: crawling - Person crawling detected
2025-04-05 01:35:17,061 - BorderSurveillance - WARNING - ALERT: crawling - Person crawling detected
2025-04-05 01:35:46,887 - BorderSurveillance - INFO - Saved alert snapshot to /Users/subhayudas/Desktop/Border-Surveillance-System/output/snapshots/loitering_20250405-013546.jpg
2025-04-05 01:35:46,887 - BorderSurveillance - INFO - Saved alert snapshot to /Users/subhayudas/Desktop/Border-Surveillance-System/output/snapshots/loitering_20250405-013546.jpg
2025-04-05 01:35:46,888 - BorderSurveillance - INFO - Dashboard alert published to border/alerts
2025-04-05 01:35:46,888 - BorderSurveillance - INFO - Dashboard alert published to border/alerts
2025-04-05 01:35:46,888 - BorderSurveillance - WARNING - ALERT: loitering - Person loitering detected for 30 seconds
2025-04-05 01:35:46,888 - BorderSurveillance - WARNING - ALERT: loitering - Person loitering detected for 30 seconds
2025-04-05 01:35:47,810 - BorderSurveillance - WARNING - ALERT: crawling - Person crawling detected
2025-04-05 01:35:47,810 - BorderSurveillance - WARNING - ALERT: crawling - Person crawling detected
2025-04-05 01:35:47,945 - BorderSurveillance - INFO - Saved alert snapshot to /Users/subhayudas/Desktop/Border-Surveillance-System/output/snapshots/crawling_20250405-013547.jpg
2025-04-05 01:35:47,945 - BorderSurveillance - INFO - Saved alert snapshot to /Users/subhayudas/Desktop/Border-Surveillance-System/output/snapshots/crawling_20250405-013547.jpg
2025-04-05 01:35:47,946 - BorderSurveillance - WARNING - ALERT: crawling - Person crawling detected
2025-04-05 01:35:47,946 - BorderSurveillance - WARNING - ALERT: crawling - Person crawling detected
2025-04-05 01:36:03,974 - BorderSurveillance - INFO - Saved alert snapshot to /Users/subhayudas/Desktop/Border-Surveillance-System/output/snapshots/crawling_20250405-013603.jpg
2025-04-05 01:36:03,974 - BorderSurveillance - INFO - Saved alert snapshot to /Users/subhayudas/Desktop/Border-Surveillance-System/output/snapshots/crawling_20250405-013603.jpg
2025-04-05 01:36:03,975 - BorderSurveillance - WARNING - ALERT: crawling - Person crawling detected
2025-04-05 01:36:03,975 - BorderSurveillance - WARNING - ALERT: crawling - Person crawling detected
2025-04-05 01:36:04,102 - BorderSurveillance - WARNING - ALERT: crawling - Person crawling detected
2025-04-05 01:36:04,102 - BorderSurveillance - WARNING - ALERT: crawling - Person crawling detected
2025-04-05 01:36:04,238 - BorderSurveillance - WARNING - ALERT: crawling - Person crawling detected
2025-04-05 01:36:04,238 - BorderSurveillance - WARNING - ALERT: crawling - Person crawling detected
2025-04-05 01:36:04,640 - BorderSurveillance - WARNING - ALERT: crawling - Person crawling detected
2025-04-05 01:36:04,640 - BorderSurveillance - WARNING - ALERT: crawling - Person crawling detected
2025-04-05 01:36:17,836 - BorderSurveillance - INFO - Saved alert snapshot to /Users/subhayudas/Desktop/Border-Surveillance-System/output/snapshots/loitering_20250405-013617.jpg
2025-04-05 01:36:17,836 - BorderSurveillance - INFO - Saved alert snapshot to /Users/subhayudas/Desktop/Border-Surveillance-System/output/snapshots/loitering_20250405-013617.jpg
2025-04-05 01:36:17,837 - BorderSurveillance - WARNING - ALERT: loitering - Person loitering detected for 30 seconds
2025-04-05 01:36:17,837 - BorderSurveillance - WARNING - ALERT: loitering - Person loitering detected for 30 seconds
2025-04-05 01:36:57,336 - BorderSurveillance - INFO - Saved alert snapshot to /Users/subhayudas/Desktop/Border-Surveillance-System/output/snapshots/loitering_20250405-013657.jpg
2025-04-05 01:36:57,336 - BorderSurveillance - INFO - Saved alert snapshot to /Users/subhayudas/Desktop/Border-Surveillance-System/output/snapshots/loitering_20250405-013657.jpg
2025-04-05 01:36:57,338 - BorderSurveillance - WARNING - ALERT: loitering - Person loitering detected for 30 seconds
2025-04-05 01:36:57,338 - BorderSurveillance - WARNING - ALERT: loitering - Person loitering detected for 30 seconds
2025-04-05 01:37:13,715 - BorderSurveillance - INFO - Saved alert snapshot to /Users/subhayudas/Desktop/Border-Surveillance-System/output/snapshots/crawling_20250405-013713.jpg
2025-04-05 01:37:13,715 - BorderSurveillance - INFO - Saved alert snapshot to /Users/subhayudas/Desktop/Border-Surveillance-System/output/snapshots/crawling_20250405-013713.jpg
2025-04-05 01:37:13,716 - BorderSurveillance - WARNING - ALERT: crawling - Person crawling detected
2025-04-05 01:37:13,716 - BorderSurveillance - WARNING - ALERT: crawling - Person crawling detected
2025-04-05 01:37:33,111 - BorderSurveillance - INFO - Saved alert snapshot to /Users/subhayudas/Desktop/Border-Surveillance-System/output/snapshots/crawling_20250405-013733.jpg
2025-04-05 01:37:33,111 - BorderSurveillance - INFO - Saved alert snapshot to /Users/subhayudas/Desktop/Border-Surveillance-System/output/snapshots/crawling_20250405-013733.jpg
2025-04-05 01:37:33,112 - BorderSurveillance - WARNING - ALERT: crawling - Person crawling detected
2025-04-05 01:37:33,112 - BorderSurveillance - WARNING - ALERT: crawling - Person crawling detected
2025-04-05 01:37:36,807 - BorderSurveillance - INFO - Saved alert snapshot to /Users/subhayudas/Desktop/Border-Surveillance-System/output/snapshots/crawling_20250405-013736.jpg
2025-04-05 01:37:36,807 - BorderSurveillance - INFO - Saved alert snapshot to /Users/subhayudas/Desktop/Border-Surveillance-System/output/snapshots/crawling_20250405-013736.jpg
2025-04-05 01:37:36,808 - BorderSurveillance - WARNING - ALERT: crawling - Person crawling detected
2025-04-05 01:37:36,808 - BorderSurveillance - WARNING - ALERT: crawling - Person crawling detected
2025-04-05 02:26:27,717 - BorderSurveillance - ERROR - Failed to connect to MQTT broker: [WinError 10061] No connection could be made because the target machine actively refused it
2025-04-05 02:26:28,260 - BorderSurveillance - INFO - Surveillance system started (PID: 2688)
2025-04-05 02:26:28,265 - BorderSurveillance - INFO - Dashboard API started at http://0.0.0.0:8000 (PID: 17144)
2025-04-05 02:26:36,605 - BorderSurveillance - ERROR - Failed to connect to MQTT broker: [WinError 10061] No connection could be made because the target machine actively refused it
2025-04-05 02:26:36,611 - BorderSurveillance - ERROR - Failed to connect to MQTT broker: [WinError 10061] No connection could be made because the target machine actively refused it
2025-04-05 02:26:41,163 - BorderSurveillance - ERROR - Failed to initialize MQTT client: [WinError 10061] No connection could be made because the target machine actively refused it
2025-04-05 02:27:08,378 - BorderSurveillance - INFO - Loading model from C:\Users\Pratyush Tripathi\OneDrive\Documents\Prat\Hackfest\Border-Surveillance-System\models\yolov8n.pt
2025-04-05 02:27:08,434 - BorderSurveillance - INFO - Using device: cpu
2025-04-05 02:27:08,436 - BorderSurveillance - INFO - Surveillance system initialized successfully
2025-04-05 02:27:08,436 - BorderSurveillance - INFO - Surveillance system initialized successfully
2025-04-05 02:27:08,437 - BorderSurveillance - INFO - Starting surveillance system
2025-04-05 02:27:08,437 - BorderSurveillance - INFO - Starting surveillance system
2025-04-05 02:27:46,321 - BorderSurveillance - INFO - Saved alert snapshot to C:\Users\Pratyush Tripathi\OneDrive\Documents\Prat\Hackfest\Border-Surveillance-System\output\snapshots\crawling_20250405-022746.jpg
2025-04-05 02:27:46,321 - BorderSurveillance - INFO - Saved alert snapshot to C:\Users\Pratyush Tripathi\OneDrive\Documents\Prat\Hackfest\Border-Surveillance-System\output\snapshots\crawling_20250405-022746.jpg
2025-04-05 02:27:46,321 - BorderSurveillance - INFO - Dashboard alert published to border/alerts
2025-04-05 02:27:46,321 - BorderSurveillance - INFO - Dashboard alert published to border/alerts
2025-04-05 02:27:46,322 - BorderSurveillance - WARNING - ALERT: crawling - Person crawling detected
2025-04-05 02:27:46,322 - BorderSurveillance - WARNING - ALERT: crawling - Person crawling detected
2025-04-05 02:27:46,481 - BorderSurveillance - WARNING - ALERT: crawling - Person crawling detected
2025-04-05 02:27:46,481 - BorderSurveillance - WARNING - ALERT: crawling - Person crawling detected
2025-04-05 02:27:46,633 - BorderSurveillance - WARNING - ALERT: crawling - Person crawling detected
2025-04-05 02:27:46,633 - BorderSurveillance - WARNING - ALERT: crawling - Person crawling detected
2025-04-05 02:27:46,774 - BorderSurveillance - WARNING - ALERT: crawling - Person crawling detected
2025-04-05 02:27:46,774 - BorderSurveillance - WARNING - ALERT: crawling - Person crawling detected
2025-04-05 02:27:46,916 - BorderSurveillance - WARNING - ALERT: crawling - Person crawling detected
2025-04-05 02:27:46,916 - BorderSurveillance - WARNING - ALERT: crawling - Person crawling detected
2025-04-05 02:27:47,075 - BorderSurveillance - WARNING - ALERT: crawling - Person crawling detected
2025-04-05 02:27:47,075 - BorderSurveillance - WARNING - ALERT: crawling - Person crawling detected
2025-04-05 02:27:47,229 - BorderSurveillance - WARNING - ALERT: crawling - Person crawling detected
2025-04-05 02:27:47,229 - BorderSurveillance - WARNING - ALERT: crawling - Person crawling detected
2025-04-05 02:27:47,861 - BorderSurveillance - INFO - Saved alert snapshot to C:\Users\Pratyush Tripathi\OneDrive\Documents\Prat\Hackfest\Border-Surveillance-System\output\snapshots\crawling_20250405-022747.jpg
2025-04-05 02:27:47,861 - BorderSurveillance - INFO - Saved alert snapshot to C:\Users\Pratyush Tripathi\OneDrive\Documents\Prat\Hackfest\Border-Surveillance-System\output\snapshots\crawling_20250405-022747.jpg
2025-04-05 02:27:47,861 - BorderSurveillance - WARNING - ALERT: crawling - Person crawling detected
2025-04-05 02:27:47,861 - BorderSurveillance - WARNING - ALERT: crawling - Person crawling detected
2025-04-05 02:27:48,013 - BorderSurveillance - WARNING - ALERT: crawling - Person crawling detected
2025-04-05 02:27:48,013 - BorderSurveillance - WARNING - ALERT: crawling - Person crawling detected
2025-04-05 02:27:48,164 - BorderSurveillance - WARNING - ALERT: crawling - Person crawling detected
2025-04-05 02:27:48,164 - BorderSurveillance - WARNING - ALERT: crawling - Person crawling detected
2025-04-05 02:27:48,772 - BorderSurveillance - WARNING - ALERT: crawling - Person crawling detected
2025-04-05 02:27:48,772 - BorderSurveillance - WARNING - ALERT: crawling - Person crawling detected
2025-04-05 02:27:48,918 - BorderSurveillance - INFO - Saved alert snapshot to C:\Users\Pratyush Tripathi\OneDrive\Documents\Prat\Hackfest\Border-Surveillance-System\output\snapshots\crawling_20250405-022748.jpg
2025-04-05 02:27:48,918 - BorderSurveillance - INFO - Saved alert snapshot to C:\Users\Pratyush Tripathi\OneDrive\Documents\Prat\Hackfest\Border-Surveillance-System\output\snapshots\crawling_20250405-022748.jpg
2025-04-05 02:27:48,918 - BorderSurveillance - WARNING - ALERT: crawling - Person crawling detected
2025-04-05 02:27:48,918 - BorderSurveillance - WARNING - ALERT: crawling - Person crawling detected
2025-04-05 02:27:55,887 - BorderSurveillance - INFO - Saved alert snapshot to C:\Users\Pratyush Tripathi\OneDrive\Documents\Prat\Hackfest\Border-Surveillance-System\output\snapshots\loitering_20250405-022755.jpg
2025-04-05 02:27:55,887 - BorderSurveillance - INFO - Saved alert snapshot to C:\Users\Pratyush Tripathi\OneDrive\Documents\Prat\Hackfest\Border-Surveillance-System\output\snapshots\loitering_20250405-022755.jpg
2025-04-05 02:27:55,888 - BorderSurveillance - INFO - Dashboard alert published to border/alerts
2025-04-05 02:27:55,888 - BorderSurveillance - INFO - Dashboard alert published to border/alerts
2025-04-05 02:27:55,889 - BorderSurveillance - WARNING - ALERT: loitering - Person loitering detected for 30 seconds
2025-04-05 02:27:55,889 - BorderSurveillance - WARNING - ALERT: loitering - Person loitering detected for 30 seconds
2025-04-05 02:28:35,846 - BorderSurveillance - INFO - Saved alert snapshot to C:\Users\Pratyush Tripathi\OneDrive\Documents\Prat\Hackfest\Border-Surveillance-System\output\snapshots\loitering_20250405-022835.jpg
2025-04-05 02:28:35,846 - BorderSurveillance - INFO - Saved alert snapshot to C:\Users\Pratyush Tripathi\OneDrive\Documents\Prat\Hackfest\Border-Surveillance-System\output\snapshots\loitering_20250405-022835.jpg
2025-04-05 02:28:35,848 - BorderSurveillance - WARNING - ALERT: loitering - Person loitering detected for 30 seconds
2025-04-05 02:28:35,848 - BorderSurveillance - WARNING - ALERT: loitering - Person loitering detected for 30 seconds
2025-04-05 02:32:43,796 - BorderSurveillance - ERROR - Failed to connect to MQTT broker: [WinError 10061] No connection could be made because the target machine actively refused it
2025-04-05 02:32:44,363 - BorderSurveillance - INFO - Surveillance system started (PID: 8056)
2025-04-05 02:32:44,368 - BorderSurveillance - INFO - Dashboard API started at http://0.0.0.0:8000 (PID: 8448)
2025-04-05 02:32:52,573 - BorderSurveillance - ERROR - Failed to connect to MQTT broker: [WinError 10061] No connection could be made because the target machine actively refused it
2025-04-05 02:32:52,588 - BorderSurveillance - ERROR - Failed to connect to MQTT broker: [WinError 10061] No connection could be made because the target machine actively refused it
2025-04-05 02:32:57,258 - BorderSurveillance - ERROR - Failed to initialize MQTT client: [WinError 10061] No connection could be made because the target machine actively refused it
2025-04-05 02:33:24,305 - BorderSurveillance - INFO - Loading model from C:\Users\Pratyush Tripathi\OneDrive\Documents\Prat\Hackfest\Border-Surveillance-System\models\yolov8n.pt
2025-04-05 02:33:24,336 - BorderSurveillance - INFO - Using device: cpu
2025-04-05 02:33:24,338 - BorderSurveillance - INFO - Surveillance system initialized successfully
2025-04-05 02:33:24,338 - BorderSurveillance - INFO - Surveillance system initialized successfully
2025-04-05 02:33:24,338 - BorderSurveillance - INFO - Starting surveillance system
2025-04-05 02:33:24,338 - BorderSurveillance - INFO - Starting surveillance system
2025-04-05 02:34:01,745 - BorderSurveillance - INFO - Saved alert snapshot to C:\Users\Pratyush Tripathi\OneDrive\Documents\Prat\Hackfest\Border-Surveillance-System\output\snapshots\loitering_20250405-023401.jpg
2025-04-05 02:34:01,745 - BorderSurveillance - INFO - Saved alert snapshot to C:\Users\Pratyush Tripathi\OneDrive\Documents\Prat\Hackfest\Border-Surveillance-System\output\snapshots\loitering_20250405-023401.jpg
2025-04-05 02:34:01,746 - BorderSurveillance - INFO - Dashboard alert published to border/alerts
2025-04-05 02:34:01,746 - BorderSurveillance - INFO - Dashboard alert published to border/alerts
2025-04-05 02:34:01,746 - BorderSurveillance - WARNING - ALERT: loitering - Person loitering detected for 30 seconds
2025-04-05 02:34:01,746 - BorderSurveillance - WARNING - ALERT: loitering - Person loitering detected for 30 seconds
2025-04-05 02:34:04,122 - BorderSurveillance - INFO - Saved alert snapshot to C:\Users\Pratyush Tripathi\OneDrive\Documents\Prat\Hackfest\Border-Surveillance-System\output\snapshots\loitering_20250405-023404.jpg
2025-04-05 02:34:04,122 - BorderSurveillance - INFO - Saved alert snapshot to C:\Users\Pratyush Tripathi\OneDrive\Documents\Prat\Hackfest\Border-Surveillance-System\output\snapshots\loitering_20250405-023404.jpg
2025-04-05 02:34:04,124 - BorderSurveillance - WARNING - ALERT: loitering - Person loitering detected for 30 seconds
2025-04-05 02:34:04,124 - BorderSurveillance - WARNING - ALERT: loitering - Person loitering detected for 30 seconds
2025-04-05 02:35:20,369 - BorderSurveillance - INFO - Saved alert snapshot to C:\Users\Pratyush Tripathi\OneDrive\Documents\Prat\Hackfest\Border-Surveillance-System\output\snapshots\loitering_20250405-023520.jpg
2025-04-05 02:35:20,369 - BorderSurveillance - INFO - Saved alert snapshot to C:\Users\Pratyush Tripathi\OneDrive\Documents\Prat\Hackfest\Border-Surveillance-System\output\snapshots\loitering_20250405-023520.jpg
2025-04-05 02:35:20,370 - BorderSurveillance - WARNING - ALERT: loitering - Person loitering detected for 32 seconds
2025-04-05 02:35:20,370 - BorderSurveillance - WARNING - ALERT: loitering - Person loitering detected for 32 seconds
2025-04-05 02:35:22,098 - BorderSurveillance - INFO - Saved alert snapshot to C:\Users\Pratyush Tripathi\OneDrive\Documents\Prat\Hackfest\Border-Surveillance-System\output\snapshots\loitering_20250405-023522.jpg
2025-04-05 02:35:22,098 - BorderSurveillance - INFO - Saved alert snapshot to C:\Users\Pratyush Tripathi\OneDrive\Documents\Prat\Hackfest\Border-Surveillance-System\output\snapshots\loitering_20250405-023522.jpg
2025-04-05 02:35:22,100 - BorderSurveillance - WARNING - ALERT: loitering - Person loitering detected for 30 seconds
2025-04-05 02:35:22,100 - BorderSurveillance - WARNING - ALERT: loitering - Person loitering detected for 30 seconds
2025-04-05 02:37:11,573 - BorderSurveillance - ERROR - Failed to connect to MQTT broker: [WinError 10061] No connection could be made because the target machine actively refused it
2025-04-05 02:37:11,933 - BorderSurveillance - INFO - Surveillance system started (PID: 6916)
2025-04-05 02:37:11,937 - BorderSurveillance - INFO - Dashboard API started at http://0.0.0.0:8000 (PID: 9764)
2025-04-05 02:37:19,256 - BorderSurveillance - ERROR - Failed to connect to MQTT broker: [WinError 10061] No connection could be made because the target machine actively refused it
2025-04-05 02:37:19,271 - BorderSurveillance - ERROR - Failed to connect to MQTT broker: [WinError 10061] No connection could be made because the target machine actively refused it
2025-04-05 02:37:23,741 - BorderSurveillance - ERROR - Failed to initialize MQTT client: [WinError 10061] No connection could be made because the target machine actively refused it
2025-04-05 02:37:49,655 - BorderSurveillance - INFO - Loading model from C:\Users\Pratyush Tripathi\OneDrive\Documents\Prat\Hackfest\Border-Surveillance-System\models\yolov8n.pt
2025-04-05 02:37:49,719 - BorderSurveillance - INFO - Using device: cpu
2025-04-05 02:37:49,722 - BorderSurveillance - INFO - Surveillance system initialized successfully
2025-04-05 02:37:49,722 - BorderSurveillance - INFO - Surveillance system initialized successfully
2025-04-05 02:37:49,723 - BorderSurveillance - INFO - Starting surveillance system
2025-04-05 02:37:49,723 - BorderSurveillance - INFO - Starting surveillance system
2025-04-05 02:38:26,298 - BorderSurveillance - INFO - Saved alert snapshot to C:\Users\Pratyush Tripathi\OneDrive\Documents\Prat\Hackfest\Border-Surveillance-System\output\snapshots\crawling_20250405-023826.jpg
2025-04-05 02:38:26,298 - BorderSurveillance - INFO - Saved alert snapshot to C:\Users\Pratyush Tripathi\OneDrive\Documents\Prat\Hackfest\Border-Surveillance-System\output\snapshots\crawling_20250405-023826.jpg
2025-04-05 02:38:26,298 - BorderSurveillance - INFO - Dashboard alert published to border/alerts
2025-04-05 02:38:26,298 - BorderSurveillance - INFO - Dashboard alert published to border/alerts
2025-04-05 02:38:26,299 - BorderSurveillance - WARNING - ALERT: crawling - Person crawling detected
2025-04-05 02:38:26,299 - BorderSurveillance - WARNING - ALERT: crawling - Person crawling detected
2025-04-05 02:38:38,257 - BorderSurveillance - INFO - Saved alert snapshot to C:\Users\Pratyush Tripathi\OneDrive\Documents\Prat\Hackfest\Border-Surveillance-System\output\snapshots\loitering_20250405-023838.jpg
2025-04-05 02:38:38,257 - BorderSurveillance - INFO - Saved alert snapshot to C:\Users\Pratyush Tripathi\OneDrive\Documents\Prat\Hackfest\Border-Surveillance-System\output\snapshots\loitering_20250405-023838.jpg
2025-04-05 02:38:38,258 - BorderSurveillance - INFO - Dashboard alert published to border/alerts
2025-04-05 02:38:38,258 - BorderSurveillance - INFO - Dashboard alert published to border/alerts
2025-04-05 02:38:38,258 - BorderSurveillance - WARNING - ALERT: loitering - Person loitering detected for 31 seconds
2025-04-05 02:38:38,258 - BorderSurveillance - WARNING - ALERT: loitering - Person loitering detected for 31 seconds
2025-04-05 02:38:38,259 - BorderSurveillance - WARNING - ALERT: loitering - Person loitering detected for 31 seconds
2025-04-05 02:38:38,259 - BorderSurveillance - WARNING - ALERT: loitering - Person loitering detected for 31 seconds
2025-04-05 02:38:46,677 - BorderSurveillance - INFO - Saved alert snapshot to C:\Users\Pratyush Tripathi\OneDrive\Documents\Prat\Hackfest\Border-Surveillance-System\output\snapshots\loitering_20250405-023846.jpg
2025-04-05 02:38:46,677 - BorderSurveillance - INFO - Saved alert snapshot to C:\Users\Pratyush Tripathi\OneDrive\Documents\Prat\Hackfest\Border-Surveillance-System\output\snapshots\loitering_20250405-023846.jpg
2025-04-05 02:38:46,678 - BorderSurveillance - WARNING - ALERT: loitering - Person loitering detected for 30 seconds
2025-04-05 02:38:46,678 - BorderSurveillance - WARNING - ALERT: loitering - Person loitering detected for 30 seconds
2025-04-05 02:38:52,072 - BorderSurveillance - INFO - Saved alert snapshot to C:\Users\Pratyush Tripathi\OneDrive\Documents\Prat\Hackfest\Border-Surveillance-System\output\snapshots\loitering_20250405-023852.jpg
2025-04-05 02:38:52,072 - BorderSurveillance - INFO - Saved alert snapshot to C:\Users\Pratyush Tripathi\OneDrive\Documents\Prat\Hackfest\Border-Surveillance-System\output\snapshots\loitering_20250405-023852.jpg
2025-04-05 02:38:52,073 - BorderSurveillance - WARNING - ALERT: loitering - Person loitering detected for 30 seconds
2025-04-05 02:38:52,073 - BorderSurveillance - WARNING - ALERT: loitering - Person loitering detected for 30 seconds
2025-04-05 02:38:55,174 - BorderSurveillance - INFO - Saved alert snapshot to C:\Users\Pratyush Tripathi\OneDrive\Documents\Prat\Hackfest\Border-Surveillance-System\output\snapshots\crawling_20250405-023855.jpg
2025-04-05 02:38:55,174 - BorderSurveillance - INFO - Saved alert snapshot to C:\Users\Pratyush Tripathi\OneDrive\Documents\Prat\Hackfest\Border-Surveillance-System\output\snapshots\crawling_20250405-023855.jpg
2025-04-05 02:38:55,175 - BorderSurveillance - WARNING - ALERT: crawling - Person crawling detected
2025-04-05 02:38:55,175 - BorderSurveillance - WARNING - ALERT: crawling - Person crawling detected
2025-04-05 02:39:41,657 - BorderSurveillance - INFO - Saved alert snapshot to C:\Users\Pratyush Tripathi\OneDrive\Documents\Prat\Hackfest\Border-Surveillance-System\output\snapshots\loitering_20250405-023941.jpg
2025-04-05 02:39:41,657 - BorderSurveillance - INFO - Saved alert snapshot to C:\Users\Pratyush Tripathi\OneDrive\Documents\Prat\Hackfest\Border-Surveillance-System\output\snapshots\loitering_20250405-023941.jpg
2025-04-05 02:39:41,658 - BorderSurveillance - WARNING - ALERT: loitering - Person loitering detected for 30 seconds
2025-04-05 02:39:41,658 - BorderSurveillance - WARNING - ALERT: loitering - Person loitering detected for 30 seconds
2025-04-05 02:39:48,628 - BorderSurveillance - INFO - Surveillance system interrupted by user
2025-04-05 02:39:48,628 - BorderSurveillance - INFO - Surveillance system interrupted by user
2025-04-05 02:39:48,925 - BorderSurveillance - INFO - Surveillance system stopped after processing 873 frames
2025-04-05 02:39:48,925 - BorderSurveillance - INFO - Surveillance system stopped after processing 873 frames
2025-04-05 02:39:49,670 - BorderSurveillance - INFO - Shutdown signal received, terminating processes...
2025-04-05 02:44:21,615 - BorderSurveillance - ERROR - Failed to connect to MQTT broker: [WinError 10061] No connection could be made because the target machine actively refused it
2025-04-05 02:44:22,146 - BorderSurveillance - INFO - Surveillance system started (PID: 4748)
2025-04-05 02:44:22,152 - BorderSurveillance - INFO - Dashboard API started at http://0.0.0.0:8000 (PID: 9720)
2025-04-05 02:44:30,908 - BorderSurveillance - ERROR - Failed to connect to MQTT broker: [WinError 10061] No connection could be made because the target machine actively refused it
2025-04-05 02:44:30,946 - BorderSurveillance - ERROR - Failed to connect to MQTT broker: [WinError 10061] No connection could be made because the target machine actively refused it
2025-04-05 02:44:35,680 - BorderSurveillance - ERROR - Failed to initialize MQTT client: [WinError 10061] No connection could be made because the target machine actively refused it
2025-04-05 02:45:07,270 - BorderSurveillance - INFO - Loading model from C:\Users\Pratyush Tripathi\OneDrive\Documents\Prat\Hackfest\Border-Surveillance-System\models\yolov8n.pt
2025-04-05 02:45:07,308 - BorderSurveillance - INFO - Using device: cpu
2025-04-05 02:45:07,311 - BorderSurveillance - INFO - Surveillance system initialized successfully
2025-04-05 02:45:07,311 - BorderSurveillance - INFO - Surveillance system initialized successfully
2025-04-05 02:45:07,311 - BorderSurveillance - INFO - Starting surveillance system
2025-04-05 02:45:07,311 - BorderSurveillance - INFO - Starting surveillance system
2025-04-05 02:45:41,869 - BorderSurveillance - INFO - Saved alert snapshot to C:\Users\Pratyush Tripathi\OneDrive\Documents\Prat\Hackfest\Border-Surveillance-System\output\snapshots\loitering_20250405-024541.jpg
2025-04-05 02:45:41,869 - BorderSurveillance - INFO - Saved alert snapshot to C:\Users\Pratyush Tripathi\OneDrive\Documents\Prat\Hackfest\Border-Surveillance-System\output\snapshots\loitering_20250405-024541.jpg
2025-04-05 02:45:41,870 - BorderSurveillance - INFO - Dashboard alert published to border/alerts
2025-04-05 02:45:41,870 - BorderSurveillance - INFO - Dashboard alert published to border/alerts
2025-04-05 02:45:41,871 - BorderSurveillance - WARNING - ALERT: loitering - Person loitering detected for 32 seconds
2025-04-05 02:45:41,871 - BorderSurveillance - WARNING - ALERT: loitering - Person loitering detected for 32 seconds
2025-04-05 02:46:23,251 - BorderSurveillance - INFO - Saved alert snapshot to C:\Users\Pratyush Tripathi\OneDrive\Documents\Prat\Hackfest\Border-Surveillance-System\output\snapshots\loitering_20250405-024623.jpg
2025-04-05 02:46:23,251 - BorderSurveillance - INFO - Saved alert snapshot to C:\Users\Pratyush Tripathi\OneDrive\Documents\Prat\Hackfest\Border-Surveillance-System\output\snapshots\loitering_20250405-024623.jpg
2025-04-05 02:46:23,252 - BorderSurveillance - WARNING - ALERT: loitering - Person loitering detected for 30 seconds
2025-04-05 02:46:23,252 - BorderSurveillance - WARNING - ALERT: loitering - Person loitering detected for 30 seconds
2025-04-05 02:46:53,832 - BorderSurveillance - INFO - Saved alert snapshot to C:\Users\Pratyush Tripathi\OneDrive\Documents\Prat\Hackfest\Border-Surveillance-System\output\snapshots\loitering_20250405-024653.jpg
2025-04-05 02:46:53,832 - BorderSurveillance - INFO - Saved alert snapshot to C:\Users\Pratyush Tripathi\OneDrive\Documents\Prat\Hackfest\Border-Surveillance-System\output\snapshots\loitering_20250405-024653.jpg
2025-04-05 02:46:53,833 - BorderSurveillance - WARNING - ALERT: loitering - Person loitering detected for 30 seconds
2025-04-05 02:46:53,833 - BorderSurveillance - WARNING - ALERT: loitering - Person loitering detected for 30 seconds
2025-04-05 02:47:19,283 - BorderSurveillance - INFO - Saved alert snapshot to C:\Users\Pratyush Tripathi\OneDrive\Documents\Prat\Hackfest\Border-Surveillance-System\output\snapshots\loitering_20250405-024719.jpg
2025-04-05 02:47:19,283 - BorderSurveillance - INFO - Saved alert snapshot to C:\Users\Pratyush Tripathi\OneDrive\Documents\Prat\Hackfest\Border-Surveillance-System\output\snapshots\loitering_20250405-024719.jpg
2025-04-05 02:47:19,285 - BorderSurveillance - WARNING - ALERT: loitering - Person loitering detected for 30 seconds
2025-04-05 02:47:19,285 - BorderSurveillance - WARNING - ALERT: loitering - Person loitering detected for 30 seconds
2025-04-05 02:52:35,903 - BorderSurveillance - ERROR - Failed to connect to MQTT broker: [WinError 10061] No connection could be made because the target machine actively refused it
2025-04-05 02:52:37,155 - BorderSurveillance - INFO - UI Controls: Click the button or press 's' key to toggle between webcam and video file input
2025-04-05 02:52:37,169 - BorderSurveillance - INFO - Surveillance system started (PID: 10156)
2025-04-05 02:52:37,178 - BorderSurveillance - INFO - Dashboard API started at http://0.0.0.0:8000 (PID: 312)
2025-04-05 02:52:48,222 - BorderSurveillance - ERROR - Failed to connect to MQTT broker: [WinError 10061] No connection could be made because the target machine actively refused it
2025-04-05 02:52:53,227 - BorderSurveillance - ERROR - Failed to initialize MQTT client: [WinError 10061] No connection could be made because the target machine actively refused it
2025-04-05 02:53:28,535 - BorderSurveillance - INFO - Video source initialized: 0
2025-04-05 02:53:28,536 - BorderSurveillance - INFO - Loading model from C:\Users\Pratyush Tripathi\OneDrive\Documents\Prat\Hackfest\Border-Surveillance-System\models\yolov8n.pt
2025-04-05 02:53:28,595 - BorderSurveillance - INFO - Using device: cpu
2025-04-05 02:53:28,599 - BorderSurveillance - INFO - Surveillance system initialized successfully
2025-04-05 02:53:28,599 - BorderSurveillance - INFO - Surveillance system initialized successfully
2025-04-05 02:53:28,600 - BorderSurveillance - INFO - Starting surveillance system
2025-04-05 02:53:28,600 - BorderSurveillance - INFO - Starting surveillance system
2025-04-05 02:57:34,276 - BorderSurveillance - INFO - Changing video source to: C:/Users/Pratyush Tripathi/OneDrive/Documents/Prat/Hackfest/Border-Surveillance-System/drone.mp4
2025-04-05 02:57:34,276 - BorderSurveillance - INFO - Changing video source to: C:/Users/Pratyush Tripathi/OneDrive/Documents/Prat/Hackfest/Border-Surveillance-System/drone.mp4
2025-04-05 02:57:34,743 - BorderSurveillance - INFO - Video source initialized: C:/Users/Pratyush Tripathi/OneDrive/Documents/Prat/Hackfest/Border-Surveillance-System/drone.mp4
2025-04-05 02:57:34,743 - BorderSurveillance - INFO - Video source initialized: C:/Users/Pratyush Tripathi/OneDrive/Documents/Prat/Hackfest/Border-Surveillance-System/drone.mp4
2025-04-05 02:57:44,052 - BorderSurveillance - INFO - Changing video source to: 0
2025-04-05 02:57:44,052 - BorderSurveillance - INFO - Changing video source to: 0
2025-04-05 02:58:21,379 - BorderSurveillance - INFO - Video source initialized: 0
2025-04-05 02:58:21,379 - BorderSurveillance - INFO - Video source initialized: 0
2025-04-05 02:59:14,939 - BorderSurveillance - INFO - Saved alert snapshot to C:\Users\Pratyush Tripathi\OneDrive\Documents\Prat\Hackfest\Border-Surveillance-System\output\snapshots\loitering_20250405-025914.jpg
2025-04-05 02:59:14,939 - BorderSurveillance - INFO - Saved alert snapshot to C:\Users\Pratyush Tripathi\OneDrive\Documents\Prat\Hackfest\Border-Surveillance-System\output\snapshots\loitering_20250405-025914.jpg
2025-04-05 02:59:14,941 - BorderSurveillance - INFO - Dashboard alert published to border/alerts
2025-04-05 02:59:14,941 - BorderSurveillance - INFO - Dashboard alert published to border/alerts
2025-04-05 02:59:14,941 - BorderSurveillance - WARNING - ALERT: loitering - Person loitering detected for 30 seconds
2025-04-05 02:59:14,941 - BorderSurveillance - WARNING - ALERT: loitering - Person loitering detected for 30 seconds
2025-04-05 02:59:57,822 - BorderSurveillance - INFO - Changing video source to: C:/Users/Pratyush Tripathi/OneDrive/Documents/Prat/Hackfest/Border-Surveillance-System/drone.mp4
2025-04-05 02:59:57,822 - BorderSurveillance - INFO - Changing video source to: C:/Users/Pratyush Tripathi/OneDrive/Documents/Prat/Hackfest/Border-Surveillance-System/drone.mp4
2025-04-05 02:59:58,134 - BorderSurveillance - INFO - Video source initialized: C:/Users/Pratyush Tripathi/OneDrive/Documents/Prat/Hackfest/Border-Surveillance-System/drone.mp4
2025-04-05 02:59:58,134 - BorderSurveillance - INFO - Video source initialized: C:/Users/Pratyush Tripathi/OneDrive/Documents/Prat/Hackfest/Border-Surveillance-System/drone.mp4
2025-04-05 03:01:31,340 - BorderSurveillance - ERROR - Failed to connect to MQTT broker: [WinError 10061] No connection could be made because the target machine actively refused it
2025-04-05 03:01:31,890 - BorderSurveillance - INFO - UI Controls: Click the button or press 's' key to toggle between webcam and video file input
2025-04-05 03:01:31,899 - BorderSurveillance - INFO - Surveillance system started (PID: 3800)
2025-04-05 03:01:31,903 - BorderSurveillance - INFO - Dashboard API started at http://0.0.0.0:8000 (PID: 5944)
2025-04-05 03:01:40,547 - BorderSurveillance - ERROR - Failed to connect to MQTT broker: [WinError 10061] No connection could be made because the target machine actively refused it
2025-04-05 03:01:40,579 - BorderSurveillance - ERROR - Failed to connect to MQTT broker: [WinError 10061] No connection could be made because the target machine actively refused it
2025-04-05 03:01:45,247 - BorderSurveillance - ERROR - Failed to initialize MQTT client: [WinError 10061] No connection could be made because the target machine actively refused it
2025-04-05 03:02:17,883 - BorderSurveillance - INFO - Video source initialized: 0
2025-04-05 03:02:17,883 - BorderSurveillance - INFO - Loading model from C:\Users\Pratyush Tripathi\OneDrive\Documents\Prat\Hackfest\Border-Surveillance-System\models\yolov8n.pt
2025-04-05 03:02:17,943 - BorderSurveillance - INFO - Using device: cpu
2025-04-05 03:02:17,946 - BorderSurveillance - INFO - Surveillance system initialized successfully
2025-04-05 03:02:17,946 - BorderSurveillance - INFO - Surveillance system initialized successfully
2025-04-05 03:02:17,947 - BorderSurveillance - INFO - Starting surveillance system
2025-04-05 03:02:17,947 - BorderSurveillance - INFO - Starting surveillance system
2025-04-05 03:04:14,291 - BorderSurveillance - INFO - Changing video source to: C:/Users/Pratyush Tripathi/OneDrive/Documents/Prat/Hackfest/Border-Surveillance-System/dance.mp4
2025-04-05 03:04:14,291 - BorderSurveillance - INFO - Changing video source to: C:/Users/Pratyush Tripathi/OneDrive/Documents/Prat/Hackfest/Border-Surveillance-System/dance.mp4
2025-04-05 03:04:14,618 - BorderSurveillance - INFO - Video source initialized: C:/Users/Pratyush Tripathi/OneDrive/Documents/Prat/Hackfest/Border-Surveillance-System/dance.mp4
2025-04-05 03:04:14,618 - BorderSurveillance - INFO - Video source initialized: C:/Users/Pratyush Tripathi/OneDrive/Documents/Prat/Hackfest/Border-Surveillance-System/dance.mp4
2025-04-05 03:04:32,034 - BorderSurveillance - INFO - Changing video source to: 0
2025-04-05 03:04:32,034 - BorderSurveillance - INFO - Changing video source to: 0
2025-04-05 03:05:08,490 - BorderSurveillance - INFO - Video source initialized: 0
2025-04-05 03:05:08,490 - BorderSurveillance - INFO - Video source initialized: 0
2025-04-05 03:05:16,683 - BorderSurveillance - INFO - Changing video source to: C:/Users/Pratyush Tripathi/OneDrive/Documents/Prat/Hackfest/Border-Surveillance-System/drone.mp4
2025-04-05 03:05:16,683 - BorderSurveillance - INFO - Changing video source to: C:/Users/Pratyush Tripathi/OneDrive/Documents/Prat/Hackfest/Border-Surveillance-System/drone.mp4
2025-04-05 03:05:16,999 - BorderSurveillance - INFO - Video source initialized: C:/Users/Pratyush Tripathi/OneDrive/Documents/Prat/Hackfest/Border-Surveillance-System/drone.mp4
2025-04-05 03:05:16,999 - BorderSurveillance - INFO - Video source initialized: C:/Users/Pratyush Tripathi/OneDrive/Documents/Prat/Hackfest/Border-Surveillance-System/drone.mp4
2025-04-05 03:05:29,613 - BorderSurveillance - INFO - Surveillance system interrupted by user
2025-04-05 03:05:29,613 - BorderSurveillance - INFO - Surveillance system interrupted by user
2025-04-05 03:05:29,625 - BorderSurveillance - INFO - Surveillance system stopped after processing 94 frames
2025-04-05 03:05:29,625 - BorderSurveillance - INFO - Surveillance system stopped after processing 94 frames
2025-04-05 03:05:30,493 - BorderSurveillance - INFO - Shutdown signal received, terminating processes...
2025-04-05 03:06:20,576 - BorderSurveillance - ERROR - Failed to connect to MQTT broker: [WinError 10061] No connection could be made because the target machine actively refused it
2025-04-05 03:06:21,269 - BorderSurveillance - INFO - UI Controls: Click the button or press 's' key to toggle between webcam and video file input
2025-04-05 03:06:21,279 - BorderSurveillance - INFO - Surveillance system started (PID: 3808)
2025-04-05 03:06:21,288 - BorderSurveillance - INFO - Dashboard API started at http://0.0.0.0:8000 (PID: 5188)
2025-04-05 03:06:31,028 - BorderSurveillance - ERROR - Failed to connect to MQTT broker: [WinError 10061] No connection could be made because the target machine actively refused it
2025-04-05 03:06:35,694 - BorderSurveillance - ERROR - Failed to initialize MQTT client: [WinError 10061] No connection could be made because the target machine actively refused it
2025-04-05 03:07:05,902 - BorderSurveillance - INFO - Video source initialized: 0
2025-04-05 03:07:05,904 - BorderSurveillance - INFO - Loading model from C:\Users\Pratyush Tripathi\OneDrive\Documents\Prat\Hackfest\Border-Surveillance-System\models\yolov8n.pt
2025-04-05 03:07:05,949 - BorderSurveillance - INFO - Using device: cpu
2025-04-05 03:07:05,952 - BorderSurveillance - INFO - Surveillance system initialized successfully
2025-04-05 03:07:05,952 - BorderSurveillance - INFO - Surveillance system initialized successfully
2025-04-05 03:07:05,953 - BorderSurveillance - INFO - Starting surveillance system
2025-04-05 03:07:05,953 - BorderSurveillance - INFO - Starting surveillance system
2025-04-05 03:07:36,026 - BorderSurveillance - INFO - Changing video source to: C:/Users/Pratyush Tripathi/OneDrive/Documents/Prat/Hackfest/Border-Surveillance-System/drone.mp4
2025-04-05 03:07:36,026 - BorderSurveillance - INFO - Changing video source to: C:/Users/Pratyush Tripathi/OneDrive/Documents/Prat/Hackfest/Border-Surveillance-System/drone.mp4
2025-04-05 03:07:36,335 - BorderSurveillance - INFO - Video source initialized: C:/Users/Pratyush Tripathi/OneDrive/Documents/Prat/Hackfest/Border-Surveillance-System/drone.mp4
2025-04-05 03:07:36,335 - BorderSurveillance - INFO - Video source initialized: C:/Users/Pratyush Tripathi/OneDrive/Documents/Prat/Hackfest/Border-Surveillance-System/drone.mp4
2025-04-05 03:07:44,688 - BorderSurveillance - INFO - Surveillance system interrupted by user
2025-04-05 03:07:44,688 - BorderSurveillance - INFO - Surveillance system interrupted by user
2025-04-05 03:07:44,696 - BorderSurveillance - INFO - Surveillance system stopped after processing 64 frames
2025-04-05 03:07:44,696 - BorderSurveillance - INFO - Surveillance system stopped after processing 64 frames
2025-04-05 03:07:45,565 - BorderSurveillance - INFO - Shutdown signal received, terminating processes...
2025-04-05 03:08:50,810 - BorderSurveillance - ERROR - Failed to connect to MQTT broker: [WinError 10061] No connection could be made because the target machine actively refused it
2025-04-05 03:08:51,509 - BorderSurveillance - INFO - UI Controls: Click the button or press 's' key to toggle between webcam and video file input
2025-04-05 03:08:51,524 - BorderSurveillance - INFO - Surveillance system started (PID: 16548)
2025-04-05 03:08:51,537 - BorderSurveillance - INFO - Dashboard API started at http://0.0.0.0:8000 (PID: 10820)
2025-04-05 03:09:01,318 - BorderSurveillance - ERROR - Failed to connect to MQTT broker: [WinError 10061] No connection could be made because the target machine actively refused it
2025-04-05 03:09:01,357 - BorderSurveillance - ERROR - Failed to connect to MQTT broker: [WinError 10061] No connection could be made because the target machine actively refused it
2025-04-05 03:09:06,174 - BorderSurveillance - ERROR - Failed to initialize MQTT client: [WinError 10061] No connection could be made because the target machine actively refused it
2025-04-05 03:09:42,468 - BorderSurveillance - INFO - Video source initialized: 0
2025-04-05 03:09:42,468 - BorderSurveillance - INFO - Loading model from C:\Users\Pratyush Tripathi\OneDrive\Documents\Prat\Hackfest\Border-Surveillance-System\models\yolov8n.pt
2025-04-05 03:09:42,523 - BorderSurveillance - INFO - Using device: cpu
2025-04-05 03:09:42,529 - BorderSurveillance - INFO - Surveillance system initialized successfully
2025-04-05 03:09:42,529 - BorderSurveillance - INFO - Surveillance system initialized successfully
2025-04-05 03:09:42,530 - BorderSurveillance - INFO - Starting surveillance system
2025-04-05 03:09:42,530 - BorderSurveillance - INFO - Starting surveillance system
2025-04-05 03:09:56,996 - BorderSurveillance - INFO - Changing video source to: C:/Users/Pratyush Tripathi/OneDrive/Documents/Prat/Hackfest/Border-Surveillance-System/drone.mp4
2025-04-05 03:09:56,996 - BorderSurveillance - INFO - Changing video source to: C:/Users/Pratyush Tripathi/OneDrive/Documents/Prat/Hackfest/Border-Surveillance-System/drone.mp4
2025-04-05 03:09:57,321 - BorderSurveillance - INFO - Video source initialized: C:/Users/Pratyush Tripathi/OneDrive/Documents/Prat/Hackfest/Border-Surveillance-System/drone.mp4
2025-04-05 03:09:57,321 - BorderSurveillance - INFO - Video source initialized: C:/Users/Pratyush Tripathi/OneDrive/Documents/Prat/Hackfest/Border-Surveillance-System/drone.mp4
2025-04-05 03:10:13,460 - BorderSurveillance - INFO - Changing video source to: 0
2025-04-05 03:10:13,460 - BorderSurveillance - INFO - Changing video source to: 0
2025-04-05 03:10:45,254 - BorderSurveillance - INFO - End of video stream reached
2025-04-05 03:10:45,254 - BorderSurveillance - INFO - End of video stream reached
2025-04-05 03:10:45,257 - BorderSurveillance - INFO - Surveillance system stopped after processing 116 frames
2025-04-05 03:10:45,257 - BorderSurveillance - INFO - Surveillance system stopped after processing 116 frames
2025-04-05 03:10:46,240 - BorderSurveillance - INFO - Shutdown signal received, terminating processes...
